<?xml version="1.0" encoding="UTF-8" standalone="no"?><testsuite errors="1" failures="0" name="Flujo de compra en demoblaze" skipped="2" tests="3" time="60.58" timestamp="2023-08-10 11:22:05"><testcase name="Validar que un usuario registrado pueda realizar una compra en abstracta"><error message="element click intercepted: Element &lt;a href=&quot;https://opencart.abstracta.us:443/index.php?route=checkout/checkout&quot; class=&quot;btn btn-primary&quot;&gt;...&lt;/a&gt; is not clickable at point (939, 552). Other element would receive the click: &lt;img class=&quot;bitnami-corner-image&quot; alt=&quot;Bitnami&quot; src=&quot;/bitnami/images/xcorner-logo.png.pagespeed.ic.IEIWilc-ea.webp&quot; data-pagespeed-url-hash=&quot;2368760042&quot; onload=&quot;pagespeed.CriticalImages.checkImageForCriticality(this);&quot;&gt;&#10;  (Session info: chrome=115.0.5790.171)&#10;Build info: version: '4.6.0', revision: '79f1c02ae20'&#10;System info: os.name: 'Windows 10', os.arch: 'amd64', os.version: '10.0', java.version: '11.0.20'&#10;Driver info: org.openqa.selenium.chrome.ChromeDriver&#10;Command: [5ee84d77f26568285257e0f1f22892e3, clickElement {id=6E8EDE4F81246B5BD32B0C104A6D3F57_element_66}]&#10;Capabilities {acceptInsecureCerts: false, browserName: chrome, browserVersion: 115.0.5790.171, chrome: {chromedriverVersion: 114.0.5735.90 (386bc09e8f4f..., userDataDir: C:\Users\Omar\AppData\Local...}, goog:chromeOptions: {debuggerAddress: localhost:61805}, networkConnectionEnabled: false, pageLoadStrategy: normal, platformName: WINDOWS, proxy: Proxy(), se:cdp: ws://localhost:61805/devtoo..., se:cdpVersion: 115.0.5790.171, setWindowRect: true, strictFileInteractability: false, timeouts: {implicit: 0, pageLoad: 300000, script: 30000}, unhandledPromptBehavior: dismiss and notify, webauthn:extension:credBlob: true, webauthn:extension:largeBlob: true, webauthn:extension:minPinLength: true, webauthn:extension:prf: true, webauthn:virtualAuthenticators: true}&#10;Element: [[ChromeDriver: chrome on WINDOWS (5ee84d77f26568285257e0f1f22892e3)] -&gt; xpath: //*[@id=&quot;content&quot;]/div[3]/div[2]/a]&#10;Session ID: 5ee84d77f26568285257e0f1f22892e3" type="org.openqa.selenium.ElementClickInterceptedException">element click intercepted: Element &lt;a href="https://opencart.abstracta.us:443/index.php?route=checkout/checkout" class="btn btn-primary"&gt;...&lt;/a&gt; is not clickable at point (939, 552). Other element would receive the click: &lt;img class="bitnami-corner-image" alt="Bitnami" src="/bitnami/images/xcorner-logo.png.pagespeed.ic.IEIWilc-ea.webp" data-pagespeed-url-hash="2368760042" onload="pagespeed.CriticalImages.checkImageForCriticality(this);"&gt;
  (Session info: chrome=115.0.5790.171)
Build info: version: '4.6.0', revision: '79f1c02ae20'
System info: os.name: 'Windows 10', os.arch: 'amd64', os.version: '10.0', java.version: '11.0.20'
Driver info: org.openqa.selenium.chrome.ChromeDriver
Command: [5ee84d77f26568285257e0f1f22892e3, clickElement {id=6E8EDE4F81246B5BD32B0C104A6D3F57_element_66}]
Capabilities {acceptInsecureCerts: false, browserName: chrome, browserVersion: 115.0.5790.171, chrome: {chromedriverVersion: 114.0.5735.90 (386bc09e8f4f..., userDataDir: C:\Users\Omar\AppData\Local...}, goog:chromeOptions: {debuggerAddress: localhost:61805}, networkConnectionEnabled: false, pageLoadStrategy: normal, platformName: WINDOWS, proxy: Proxy(), se:cdp: ws://localhost:61805/devtoo..., se:cdpVersion: 115.0.5790.171, setWindowRect: true, strictFileInteractability: false, timeouts: {implicit: 0, pageLoad: 300000, script: 30000}, unhandledPromptBehavior: dismiss and notify, webauthn:extension:credBlob: true, webauthn:extension:largeBlob: true, webauthn:extension:minPinLength: true, webauthn:extension:prf: true, webauthn:virtualAuthenticators: true}
Element: [[ChromeDriver: chrome on WINDOWS (5ee84d77f26568285257e0f1f22892e3)] -&gt; xpath: //*[@id="content"]/div[3]/div[2]/a]
Session ID: 5ee84d77f26568285257e0f1f22892e3</error><system-err>element click intercepted: Element &lt;a href="https://opencart.abstracta.us:443/index.php?route=checkout/checkout" class="btn btn-primary"&gt;...&lt;/a&gt; is not clickable at point (939, 552). Other element would receive the click: &lt;img class="bitnami-corner-image" alt="Bitnami" src="/bitnami/images/xcorner-logo.png.pagespeed.ic.IEIWilc-ea.webp" data-pagespeed-url-hash="2368760042" onload="pagespeed.CriticalImages.checkImageForCriticality(this);"&gt;
  (Session info: chrome=115.0.5790.171)
Build info: version: '4.6.0', revision: '79f1c02ae20'
System info: os.name: 'Windows 10', os.arch: 'amd64', os.version: '10.0', java.version: '11.0.20'
Driver info: org.openqa.selenium.chrome.ChromeDriver
Command: [5ee84d77f26568285257e0f1f22892e3, clickElement {id=6E8EDE4F81246B5BD32B0C104A6D3F57_element_66}]
Capabilities {acceptInsecureCerts: false, browserName: chrome, browserVersion: 115.0.5790.171, chrome: {chromedriverVersion: 114.0.5735.90 (386bc09e8f4f..., userDataDir: C:\Users\Omar\AppData\Local...}, goog:chromeOptions: {debuggerAddress: localhost:61805}, networkConnectionEnabled: false, pageLoadStrategy: normal, platformName: WINDOWS, proxy: Proxy(), se:cdp: ws://localhost:61805/devtoo..., se:cdpVersion: 115.0.5790.171, setWindowRect: true, strictFileInteractability: false, timeouts: {implicit: 0, pageLoad: 300000, script: 30000}, unhandledPromptBehavior: dismiss and notify, webauthn:extension:credBlob: true, webauthn:extension:largeBlob: true, webauthn:extension:minPinLength: true, webauthn:extension:prf: true, webauthn:virtualAuthenticators: true}
Element: [[ChromeDriver: chrome on WINDOWS (5ee84d77f26568285257e0f1f22892e3)] -&gt; xpath: //*[@id="content"]/div[3]/div[2]/a]
Session ID: 5ee84d77f26568285257e0f1f22892e3&#13;
org.example.tasks.Checkout.performAs(Checkout.java:17)&#13;
org.example.stepsdefinition.openCartStepDefinition.completoElFormulario(openCartStepDefinition.java:63)&#13;
io.cucumber.java.Invoker.doInvoke(Invoker.java:66)&#13;
io.cucumber.java.Invoker.invoke(Invoker.java:24)&#13;
io.cucumber.java.AbstractGlueDefinition.invokeMethod(AbstractGlueDefinition.java:47)&#13;
io.cucumber.java.JavaStepDefinition.execute(JavaStepDefinition.java:29)&#13;
io.cucumber.core.runner.CoreStepDefinition.execute(CoreStepDefinition.java:66)&#13;
io.cucumber.core.runner.PickleStepDefinitionMatch.runStep(PickleStepDefinitionMatch.java:63)&#13;
io.cucumber.core.runner.TestStep.executeStep(TestStep.java:85)&#13;
io.cucumber.core.runner.TestStep.run(TestStep.java:57)&#13;
io.cucumber.core.runner.PickleStepTestStep.run(PickleStepTestStep.java:51)&#13;
io.cucumber.core.runner.TestCase.run(TestCase.java:84)&#13;
io.cucumber.core.runner.Runner.runPickle(Runner.java:75)&#13;
io.cucumber.core.runtime.CucumberExecutionContext.lambda$runTestCase$5(CucumberExecutionContext.java:129)&#13;
io.cucumber.core.runtime.RethrowingThrowableCollector.executeAndThrow(RethrowingThrowableCollector.java:23)&#13;
io.cucumber.core.runtime.CucumberExecutionContext.runTestCase(CucumberExecutionContext.java:129)&#13;
io.cucumber.junit.FeatureRunner.runChild(FeatureRunner.java:144)&#13;
io.cucumber.junit.FeatureRunner.runChild(FeatureRunner.java:28)&#13;
io.cucumber.junit.FeatureRunner.run(FeatureRunner.java:137)&#13;
io.cucumber.junit.CucumberSerenityRunner.runChild(CucumberSerenityRunner.java:259)&#13;
io.cucumber.junit.CucumberSerenityRunner.runChild(CucumberSerenityRunner.java:59)&#13;
worker.org.gradle.process.internal.worker.GradleWorkerMain.run(GradleWorkerMain.java:69)&#13;
worker.org.gradle.process.internal.worker.GradleWorkerMain.main(GradleWorkerMain.java:74)&#13;
</system-err></testcase></testsuite>